TN:
SF:src/app.ts
FNF:0
FNH:0
DA:1,1
DA:2,1
DA:3,1
DA:4,1
DA:5,1
DA:6,1
DA:7,1
DA:8,1
DA:9,1
DA:10,1
DA:11,1
DA:12,1
DA:13,1
DA:14,1
DA:15,1
DA:16,1
DA:17,1
DA:18,1
DA:19,1
DA:20,1
DA:21,1
DA:22,1
DA:23,1
DA:24,0
DA:25,0
DA:26,1
DA:27,1
DA:28,1
DA:29,1
DA:30,1
DA:31,2
DA:32,2
DA:33,2
DA:34,2
DA:35,2
DA:36,2
DA:37,2
DA:38,2
DA:39,2
DA:40,2
DA:41,2
DA:42,2
DA:43,1
DA:44,1
DA:45,1
DA:46,1
DA:47,1
DA:48,1
DA:49,2
DA:50,1
DA:51,1
DA:52,1
DA:53,2
DA:54,2
DA:55,2
DA:56,2
DA:57,2
DA:58,2
DA:59,2
DA:60,2
DA:61,1
DA:62,1
DA:63,1
DA:64,1
DA:65,1
DA:66,1
DA:67,1
DA:68,1
DA:69,1
DA:70,2
DA:71,2
DA:72,2
DA:73,2
DA:74,2
DA:75,2
DA:76,2
DA:77,2
DA:78,2
DA:79,2
DA:80,1
DA:81,1
DA:82,1
DA:83,1
DA:84,2
DA:85,1
DA:86,1
DA:87,1
DA:88,1
DA:89,1
DA:90,2
DA:91,2
DA:92,2
DA:93,2
DA:94,2
DA:95,1
DA:96,1
DA:97,1
DA:98,1
DA:99,2
DA:100,1
DA:101,1
DA:102,1
LF:102
LH:100
BRDA:14,0,0,1
BRDA:14,1,0,1
BRDA:23,2,0,0
BRDA:30,3,0,2
BRDA:30,4,0,2
BRDA:42,5,0,1
BRDA:52,6,0,2
BRDA:52,7,0,2
BRDA:61,8,0,1
BRDA:69,9,0,2
BRDA:69,10,0,2
BRDA:80,11,0,1
BRDA:89,12,0,2
BRDA:89,13,0,2
BRDA:95,14,0,1
BRF:15
BRH:14
end_of_record
TN:
SF:src/utils/resetDatabase.ts
FN:3,default_1
FNF:1
FNH:1
FNDA:9,default_1
DA:1,1
DA:2,1
DA:3,9
DA:4,9
DA:5,9
DA:6,9
DA:7,9
DA:8,9
DA:9,9
DA:10,9
DA:11,0
DA:12,0
DA:13,9
DA:14,9
DA:15,9
DA:16,9
LF:16
LH:14
BRDA:3,0,0,9
BRDA:5,1,0,9
BRDA:7,2,0,9
BRDA:10,3,0,0
BRF:4
BRH:3
end_of_record
